Started by timer
[Wed Nov 24 17:31:57 UTC 2021] Starting branch indexing...
Looking up repository Wonderland/white-rabbit
ERROR: [Wed Nov 24 17:31:57 UTC 2021] Could not fetch branches from source 25c51ecb-6a73-4a3b-bb69-729213c71626
[Wed Nov 24 17:31:57 UTC 2021] Finished branch indexing. Indexing took 0.31 sec
FATAL: Failed to recompute children of white-rabbit
java.net.ConnectException: Connection refused (Connection refused)
	at java.base/java.net.PlainSocketImpl.socketConnect(Native Method)
	at java.base/java.net.AbstractPlainSocketImpl.doConnect(AbstractPlainSocketImpl.java:399)
	at java.base/java.net.AbstractPlainSocketImpl.connectToAddress(AbstractPlainSocketImpl.java:242)
	at java.base/java.net.AbstractPlainSocketImpl.connect(AbstractPlainSocketImpl.java:224)
	at java.base/java.net.Socket.connect(Socket.java:609)
	at java.base/java.net.Socket.connect(Socket.java:558)
	at java.base/sun.net.NetworkClient.doConnect(NetworkClient.java:182)
	at java.base/sun.net.www.http.HttpClient.openServer(HttpClient.java:474)
	at java.base/sun.net.www.http.HttpClient.openServer(HttpClient.java:569)
	at java.base/sun.net.www.http.HttpClient.<init>(HttpClient.java:242)
	at java.base/sun.net.www.http.HttpClient.New(HttpClient.java:341)
	at java.base/sun.net.www.http.HttpClient.New(HttpClient.java:362)
	at java.base/sun.net.www.protocol.http.HttpURLConnection.getNewHttpClient(HttpURLConnection.java:1253)
	at java.base/sun.net.www.protocol.http.HttpURLConnection.plainConnect0(HttpURLConnection.java:1187)
	at java.base/sun.net.www.protocol.http.HttpURLConnection.plainConnect(HttpURLConnection.java:1081)
	at java.base/sun.net.www.protocol.http.HttpURLConnection.connect(HttpURLConnection.java:1015)
	at org.jenkinsci.plugin.gitea.client.impl.DefaultGiteaConnection.getList(DefaultGiteaConnection.java:969)
	at org.jenkinsci.plugin.gitea.client.impl.DefaultGiteaConnection.getList(DefaultGiteaConnection.java:962)
	at org.jenkinsci.plugin.gitea.client.impl.DefaultGiteaConnection.fetchBranches(DefaultGiteaConnection.java:289)
	at org.jenkinsci.plugin.gitea.client.impl.DefaultGiteaConnection.fetchBranches(DefaultGiteaConnection.java:304)
	at org.jenkinsci.plugin.gitea.GiteaSCMSource.retrieve(GiteaSCMSource.java:283)
	at jenkins.scm.api.SCMSource._retrieve(SCMSource.java:373)
	at jenkins.scm.api.SCMSource.fetch(SCMSource.java:283)
	at jenkins.branch.MultiBranchProject.computeChildren(MultiBranchProject.java:641)
	at com.cloudbees.hudson.plugins.folder.computed.ComputedFolder.updateChildren(ComputedFolder.java:278)
	at com.cloudbees.hudson.plugins.folder.computed.FolderComputation.run(FolderComputation.java:166)
	at jenkins.branch.MultiBranchProject$BranchIndexing.run(MultiBranchProject.java:1032)
	at hudson.model.ResourceController.execute(ResourceController.java:99)
	at hudson.model.Executor.run(Executor.java:432)
Finished: FAILURE
